Determining if the pthread_create exist failed with the following output:
Change Dir: /home/lorne/ros_wkspace_asgn4/build/CMakeFiles/CMakeTmp

Run Build Command:"/usr/bin/make" "cmTC_a237a/fast"
/usr/bin/make -f CMakeFiles/cmTC_a237a.dir/build.make CMakeFiles/cmTC_a237a.dir/build
make[1]: Entering directory '/home/lorne/ros_wkspace_asgn4/build/CMakeFiles/CMakeTmp'
Building C object CMakeFiles/cmTC_a237a.dir/CheckSymbolExists.c.o
/usr/bin/cc     -o CMakeFiles/cmTC_a237a.dir/CheckSymbolExists.c.o   -c /home/lorne/ros_wkspace_asgn4/build/CMakeFiles/CMakeTmp/CheckSymbolExists.c
Linking C executable cmTC_a237a
/usr/bin/cmake -E cmake_link_script CMakeFiles/cmTC_a237a.dir/link.txt --verbose=1
/usr/bin/cc       CMakeFiles/cmTC_a237a.dir/CheckSymbolExists.c.o  -o cmTC_a237a -rdynamic 
CMakeFiles/cmTC_a237a.dir/CheckSymbolExists.c.o: In function `main':
CheckSymbolExists.c:(.text+0x16): undefined reference to `pthread_create'
collect2: error: ld returned 1 exit status
CMakeFiles/cmTC_a237a.dir/build.make:97: recipe for target 'cmTC_a237a' failed
make[1]: *** [cmTC_a237a] Error 1
make[1]: Leaving directory '/home/lorne/ros_wkspace_asgn4/build/CMakeFiles/CMakeTmp'
Makefile:126: recipe for target 'cmTC_a237a/fast' failed
make: *** [cmTC_a237a/fast] Error 2

File /home/lorne/ros_wkspace_asgn4/build/CMakeFiles/CMakeTmp/CheckSymbolExists.c:
/* */
#include <pthread.h>

int main(int argc, char** argv)
{
  (void)argv;
#ifndef pthread_create
  return ((int*)(&pthread_create))[argc];
#else
  (void)argc;
  return 0;
#endif
}

Determining if the function pthread_create exists in the pthreads failed with the following output:
Change Dir: /home/lorne/ros_wkspace_asgn4/build/CMakeFiles/CMakeTmp

Run Build Command:"/usr/bin/make" "cmTC_36bed/fast"
/usr/bin/make -f CMakeFiles/cmTC_36bed.dir/build.make CMakeFiles/cmTC_36bed.dir/build
make[1]: Entering directory '/home/lorne/ros_wkspace_asgn4/build/CMakeFiles/CMakeTmp'
Building C object CMakeFiles/cmTC_36bed.dir/CheckFunctionExists.c.o
/usr/bin/cc    -DCHECK_FUNCTION_EXISTS=pthread_create   -o CMakeFiles/cmTC_36bed.dir/CheckFunctionExists.c.o   -c /usr/share/cmake-3.5/Modules/CheckFunctionExists.c
Linking C executable cmTC_36bed
/usr/bin/cmake -E cmake_link_script CMakeFiles/cmTC_36bed.dir/link.txt --verbose=1
/usr/bin/cc   -DCHECK_FUNCTION_EXISTS=pthread_create    CMakeFiles/cmTC_36bed.dir/CheckFunctionExists.c.o  -o cmTC_36bed -rdynamic -lpthreads 
/usr/bin/ld: cannot find -lpthreads
collect2: error: ld returned 1 exit status
CMakeFiles/cmTC_36bed.dir/build.make:97: recipe for target 'cmTC_36bed' failed
make[1]: *** [cmTC_36bed] Error 1
make[1]: Leaving directory '/home/lorne/ros_wkspace_asgn4/build/CMakeFiles/CMakeTmp'
Makefile:126: recipe for target 'cmTC_36bed/fast' failed
make: *** [cmTC_36bed/fast] Error 2


